<?xml version="1.0" encoding="UTF-8"?>
<robot generator="Robot 3.2.2 (Python 3.9.2 on win32)" generated="20210309 13:55:14.101" rpa="false">
<suite id="s1" name="Tests" source="C:\Users\stars\PycharmProjects\VGTest\Tests">
<suite id="s1-s1" name="Vgtest" source="C:\Users\stars\PycharmProjects\VGTest\Tests\vgtest.robot">
<test id="s1-s1-t1" name="User can book a car">
<kw name="Given User on the Infotivcar homepage" type="setup">
<kw name="Open Browser" library="SeleniumLibrary">
<doc>Opens a new browser instance to the optional ``url``.</doc>
<arguments>
<arg>${URL}</arg>
<arg>${BROWSER}</arg>
</arguments>
<msg timestamp="20210309 13:55:14.748" level="INFO">Opening browser 'chrome' to base url 'http://rental28.infotiv.net/'.</msg>
<status status="PASS" starttime="20210309 13:55:14.747" endtime="20210309 13:55:18.559"></status>
</kw>
<kw name="Wait Until Page Contains" library="SeleniumLibrary">
<doc>Waits until ``text`` appears on the current page.</doc>
<arguments>
<arg>Infotiv Car Rental</arg>
</arguments>
<status status="PASS" starttime="20210309 13:55:18.559" endtime="20210309 13:55:18.611"></status>
</kw>
<status status="PASS" starttime="20210309 13:55:14.746" endtime="20210309 13:55:18.611"></status>
</kw>
<kw name="Given User on the Infotivcar homepage">
<kw name="Open Browser" library="SeleniumLibrary">
<doc>Opens a new browser instance to the optional ``url``.</doc>
<arguments>
<arg>${URL}</arg>
<arg>${BROWSER}</arg>
</arguments>
<msg timestamp="20210309 13:55:18.616" level="INFO">Opening browser 'chrome' to base url 'http://rental28.infotiv.net/'.</msg>
<status status="PASS" starttime="20210309 13:55:18.616" endtime="20210309 13:55:22.258"></status>
</kw>
<kw name="Wait Until Page Contains" library="SeleniumLibrary">
<doc>Waits until ``text`` appears on the current page.</doc>
<arguments>
<arg>Infotiv Car Rental</arg>
</arguments>
<status status="PASS" starttime="20210309 13:55:22.258" endtime="20210309 13:55:22.330"></status>
</kw>
<status status="PASS" starttime="20210309 13:55:18.615" endtime="20210309 13:55:22.330"></status>
</kw>
<kw name="When User enters valid email and password">
<kw name="Input Text" library="SeleniumLibrary">
<doc>Types the given ``text`` into the text field identified by ``locator``.</doc>
<arguments>
<arg>xpath://*[@id="email"]</arg>
<arg>${USERID}</arg>
</arguments>
<msg timestamp="20210309 13:55:22.334" level="INFO">Typing text 'abcxyz@info.com' into text field 'xpath://*[@id="email"]'.</msg>
<status status="PASS" starttime="20210309 13:55:22.333" endtime="20210309 13:55:22.735"></status>
</kw>
<kw name="Input Text" library="SeleniumLibrary">
<doc>Types the given ``text`` into the text field identified by ``locator``.</doc>
<arguments>
<arg>xpath://*[@id="password"]</arg>
<arg>${PASSWORD}</arg>
</arguments>
<msg timestamp="20210309 13:55:22.736" level="INFO">Typing text 'test123' into text field 'xpath://*[@id="password"]'.</msg>
<status status="PASS" starttime="20210309 13:55:22.736" endtime="20210309 13:55:23.042"></status>
</kw>
<status status="PASS" starttime="20210309 13:55:22.332" endtime="20210309 13:55:23.043"></status>
</kw>
<kw name="And User clicks the Login button">
<kw name="Press Keys" library="SeleniumLibrary">
<doc>Simulates the user pressing key(s) to an element or on the active browser.</doc>
<arguments>
<arg>xpath://*[@id="login"]</arg>
<arg>RETURN</arg>
</arguments>
<msg timestamp="20210309 13:55:23.049" level="INFO">Sending key(s) ('RETURN',) to xpath://*[@id="login"] element.</msg>
<msg timestamp="20210309 13:55:24.118" level="INFO">Pressing special key RETURN to element.</msg>
<msg timestamp="20210309 13:55:24.118" level="INFO">Releasing special key RETURN.</msg>
<status status="PASS" starttime="20210309 13:55:23.049" endtime="20210309 13:55:24.132"></status>
</kw>
<status status="PASS" starttime="20210309 13:55:23.048" endtime="20210309 13:55:24.133"></status>
</kw>
<kw name="Then User is logged in">
<kw name="Page Should Contain" library="SeleniumLibrary">
<doc>Verifies that current page contains ``text``.</doc>
<arguments>
<arg>${SIGNINMESSAGE}</arg>
</arguments>
<msg timestamp="20210309 13:55:24.168" level="INFO">Current page contains text 'You are signed in'.</msg>
<status status="PASS" starttime="20210309 13:55:24.134" endtime="20210309 13:55:24.168"></status>
</kw>
<status status="PASS" starttime="20210309 13:55:24.133" endtime="20210309 13:55:24.169"></status>
</kw>
<kw name="User enters valid dates to book car">
<kw name="Press Keys" library="SeleniumLibrary">
<doc>Simulates the user pressing key(s) to an element or on the active browser.</doc>
<arguments>
<arg>xpath://*[@id="reset"]</arg>
<arg>RETURN</arg>
</arguments>
<msg timestamp="20210309 13:55:24.171" level="INFO">Sending key(s) ('RETURN',) to xpath://*[@id="reset"] element.</msg>
<msg timestamp="20210309 13:55:24.767" level="INFO">Pressing special key RETURN to element.</msg>
<msg timestamp="20210309 13:55:24.767" level="INFO">Releasing special key RETURN.</msg>
<status status="PASS" starttime="20210309 13:55:24.170" endtime="20210309 13:55:24.777"></status>
</kw>
<kw name="Input Text" library="SeleniumLibrary">
<doc>Types the given ``text`` into the text field identified by ``locator``.</doc>
<arguments>
<arg>xpath://*[@id="start"]</arg>
<arg>0315</arg>
</arguments>
<msg timestamp="20210309 13:55:24.778" level="INFO">Typing text '0315' into text field 'xpath://*[@id="start"]'.</msg>
<status status="PASS" starttime="20210309 13:55:24.777" endtime="20210309 13:55:24.970"></status>
</kw>
<kw name="Input Text" library="SeleniumLibrary">
<doc>Types the given ``text`` into the text field identified by ``locator``.</doc>
<arguments>
<arg>xpath://*[@id="end"]</arg>
<arg>0320</arg>
</arguments>
<msg timestamp="20210309 13:55:24.971" level="INFO">Typing text '0320' into text field 'xpath://*[@id="end"]'.</msg>
<status status="PASS" starttime="20210309 13:55:24.970" endtime="20210309 13:55:25.149"></status>
</kw>
<kw name="Get Value" library="SeleniumLibrary">
<doc>Returns the value attribute of the element identified by ``locator``.</doc>
<arguments>
<arg>xpath://*[@id="start"]</arg>
</arguments>
<assign>
<var>${STARTDATE}</var>
</assign>
<msg timestamp="20210309 13:55:25.174" level="INFO">${STARTDATE} = 2021-03-15</msg>
<status status="PASS" starttime="20210309 13:55:25.149" endtime="20210309 13:55:25.175"></status>
</kw>
<status status="PASS" starttime="20210309 13:55:24.169" endtime="20210309 13:55:25.175"></status>
</kw>
<kw name="User clicks the continue button">
<kw name="Press Keys" library="SeleniumLibrary">
<doc>Simulates the user pressing key(s) to an element or on the active browser.</doc>
<arguments>
<arg>xpath://*[@id="continue"]</arg>
<arg>RETURN</arg>
</arguments>
<msg timestamp="20210309 13:55:25.179" level="INFO">Sending key(s) ('RETURN',) to xpath://*[@id="continue"] element.</msg>
<msg timestamp="20210309 13:55:26.541" level="INFO">Pressing special key RETURN to element.</msg>
<msg timestamp="20210309 13:55:26.542" level="INFO">Releasing special key RETURN.</msg>
<status status="PASS" starttime="20210309 13:55:25.179" endtime="20210309 13:55:26.566"></status>
</kw>
<status status="PASS" starttime="20210309 13:55:25.178" endtime="20210309 13:55:26.566"></status>
</kw>
<kw name="User selects the Make and Number Of Passengers To Book Car">
<kw name="Click Element" library="SeleniumLibrary">
<doc>Click the element identified by ``locator``.</doc>
<arguments>
<arg>xpath=//*[@id="ms-list-1"]/button/span</arg>
</arguments>
<msg timestamp="20210309 13:55:26.570" level="INFO">Clicking element 'xpath=//*[@id="ms-list-1"]/button/span'.</msg>
<status status="PASS" starttime="20210309 13:55:26.569" endtime="20210309 13:55:26.706"></status>
</kw>
<kw name="Select Checkbox" library="SeleniumLibrary">
<doc>Selects the checkbox identified by ``locator``.</doc>
<arguments>
<arg>xpath=//*[@id="ms-opt-1"]</arg>
</arguments>
<msg timestamp="20210309 13:55:26.706" level="INFO">Selecting checkbox 'xpath=//*[@id="ms-opt-1"]'.</msg>
<status status="PASS" starttime="20210309 13:55:26.706" endtime="20210309 13:55:26.925"></status>
</kw>
<kw name="Click Element" library="SeleniumLibrary">
<doc>Click the element identified by ``locator``.</doc>
<arguments>
<arg>xpath=//*[@id="ms-list-1"]/button/span</arg>
</arguments>
<msg timestamp="20210309 13:55:26.926" level="INFO">Clicking element 'xpath=//*[@id="ms-list-1"]/button/span'.</msg>
<status status="PASS" starttime="20210309 13:55:26.926" endtime="20210309 13:55:27.019"></status>
</kw>
<kw name="Click Element" library="SeleniumLibrary">
<doc>Click the element identified by ``locator``.</doc>
<arguments>
<arg>xpath=//*[@id="ms-list-2"]/button/span</arg>
</arguments>
<msg timestamp="20210309 13:55:27.020" level="INFO">Clicking element 'xpath=//*[@id="ms-list-2"]/button/span'.</msg>
<status status="PASS" starttime="20210309 13:55:27.019" endtime="20210309 13:55:27.119"></status>
</kw>
<kw name="Select Checkbox" library="SeleniumLibrary">
<doc>Selects the checkbox identified by ``locator``.</doc>
<arguments>
<arg>xpath=//*[@id="ms-opt-6"]</arg>
</arguments>
<msg timestamp="20210309 13:55:27.120" level="INFO">Selecting checkbox 'xpath=//*[@id="ms-opt-6"]'.</msg>
<status status="PASS" starttime="20210309 13:55:27.120" endtime="20210309 13:55:27.298"></status>
</kw>
<kw name="Click Element" library="SeleniumLibrary">
<doc>Click the element identified by ``locator``.</doc>
<arguments>
<arg>xpath=//*[@id="ms-list-2"]/button/span</arg>
</arguments>
<msg timestamp="20210309 13:55:27.299" level="INFO">Clicking element 'xpath=//*[@id="ms-list-2"]/button/span'.</msg>
<status status="PASS" starttime="20210309 13:55:27.299" endtime="20210309 13:55:27.403"></status>
</kw>
<status status="PASS" starttime="20210309 13:55:26.569" endtime="20210309 13:55:27.403"></status>
</kw>
<kw name="User clicks the Book button">
<kw name="Press Keys" library="SeleniumLibrary">
<doc>Simulates the user pressing key(s) to an element or on the active browser.</doc>
<arguments>
<arg>xpath://*[@id="carSelect1"]</arg>
<arg>RETURN</arg>
</arguments>
<msg timestamp="20210309 13:55:27.420" level="INFO">Sending key(s) ('RETURN',) to xpath://*[@id="carSelect1"] element.</msg>
<msg timestamp="20210309 13:55:28.295" level="INFO">Pressing special key RETURN to element.</msg>
<msg timestamp="20210309 13:55:28.295" level="INFO">Releasing special key RETURN.</msg>
<status status="PASS" starttime="20210309 13:55:27.419" endtime="20210309 13:55:28.311"></status>
</kw>
<status status="PASS" starttime="20210309 13:55:27.418" endtime="20210309 13:55:28.312"></status>
</kw>
<kw name="User enters valid card payment details">
<kw name="Input Text" library="SeleniumLibrary">
<doc>Types the given ``text`` into the text field identified by ``locator``.</doc>
<arguments>
<arg>xpath://*[@id="cardNum"]</arg>
<arg>2345679832547628</arg>
</arguments>
<msg timestamp="20210309 13:55:28.313" level="INFO">Typing text '2345679832547628' into text field 'xpath://*[@id="cardNum"]'.</msg>
<status status="PASS" starttime="20210309 13:55:28.313" endtime="20210309 13:55:28.571"></status>
</kw>
<kw name="Input Text" library="SeleniumLibrary">
<doc>Types the given ``text`` into the text field identified by ``locator``.</doc>
<arguments>
<arg>xpath://*[@id="fullName"]</arg>
<arg>shilpa</arg>
</arguments>
<msg timestamp="20210309 13:55:28.572" level="INFO">Typing text 'shilpa' into text field 'xpath://*[@id="fullName"]'.</msg>
<status status="PASS" starttime="20210309 13:55:28.572" endtime="20210309 13:55:28.745"></status>
</kw>
<kw name="Click Element" library="SeleniumLibrary">
<doc>Click the element identified by ``locator``.</doc>
<arguments>
<arg>xpath=//*[@id="confirmSelection"]/form/select[1]</arg>
</arguments>
<msg timestamp="20210309 13:55:28.746" level="INFO">Clicking element 'xpath=//*[@id="confirmSelection"]/form/select[1]'.</msg>
<status status="PASS" starttime="20210309 13:55:28.745" endtime="20210309 13:55:28.874"></status>
</kw>
<kw name="Select From List By Index" library="SeleniumLibrary">
<doc>Selects options from selection list ``locator`` by ``indexes``.</doc>
<arguments>
<arg>xpath=//*[@id="confirmSelection"]/form/select[1]</arg>
<arg>5</arg>
</arguments>
<msg timestamp="20210309 13:55:28.876" level="INFO">Selecting options from selection list 'xpath=//*[@id="confirmSelection"]/form/select[1]' by index 5.</msg>
<status status="PASS" starttime="20210309 13:55:28.874" endtime="20210309 13:55:29.094"></status>
</kw>
<kw name="Click Element" library="SeleniumLibrary">
<doc>Click the element identified by ``locator``.</doc>
<arguments>
<arg>xpath=//*[@id="confirmSelection"]/form/select[2]</arg>
</arguments>
<msg timestamp="20210309 13:55:29.095" level="INFO">Clicking element 'xpath=//*[@id="confirmSelection"]/form/select[2]'.</msg>
<status status="PASS" starttime="20210309 13:55:29.094" endtime="20210309 13:55:29.240"></status>
</kw>
<kw name="Select From List By Index" library="SeleniumLibrary">
<doc>Selects options from selection list ``locator`` by ``indexes``.</doc>
<arguments>
<arg>xpath=//*[@id="confirmSelection"]/form/select[2]</arg>
<arg>4</arg>
</arguments>
<msg timestamp="20210309 13:55:29.241" level="INFO">Selecting options from selection list 'xpath=//*[@id="confirmSelection"]/form/select[2]' by index 4.</msg>
<status status="PASS" starttime="20210309 13:55:29.241" endtime="20210309 13:55:29.424"></status>
</kw>
<kw name="Input Text" library="SeleniumLibrary">
<doc>Types the given ``text`` into the text field identified by ``locator``.</doc>
<arguments>
<arg>xpath=//*[@id="cvc"]</arg>
<arg>311</arg>
</arguments>
<msg timestamp="20210309 13:55:29.424" level="INFO">Typing text '311' into text field 'xpath=//*[@id="cvc"]'.</msg>
<status status="PASS" starttime="20210309 13:55:29.424" endtime="20210309 13:55:29.619"></status>
</kw>
<status status="PASS" starttime="20210309 13:55:28.312" endtime="20210309 13:55:29.619"></status>
</kw>
<kw name="User clicks the Confirm booking">
<kw name="Press Keys" library="SeleniumLibrary">
<doc>Simulates the user pressing key(s) to an element or on the active browser.</doc>
<arguments>
<arg>xpath=//*[@id="confirm"]</arg>
<arg>RETURN</arg>
</arguments>
<msg timestamp="20210309 13:55:29.621" level="INFO">Sending key(s) ('RETURN',) to xpath=//*[@id="confirm"] element.</msg>
<msg timestamp="20210309 13:55:30.338" level="INFO">Pressing special key RETURN to element.</msg>
<msg timestamp="20210309 13:55:30.338" level="INFO">Releasing special key RETURN.</msg>
<status status="PASS" starttime="20210309 13:55:29.621" endtime="20210309 13:55:30.358"></status>
</kw>
<status status="PASS" starttime="20210309 13:55:29.620" endtime="20210309 13:55:30.358"></status>
</kw>
<kw name="User Can view bookings on Mypage">
<kw name="Press Keys" library="SeleniumLibrary">
<doc>Simulates the user pressing key(s) to an element or on the active browser.</doc>
<arguments>
<arg>xpath://*[@id="mypage"]</arg>
<arg>RETURN</arg>
</arguments>
<msg timestamp="20210309 13:55:30.361" level="INFO">Sending key(s) ('RETURN',) to xpath://*[@id="mypage"] element.</msg>
<msg timestamp="20210309 13:55:31.035" level="INFO">Pressing special key RETURN to element.</msg>
<msg timestamp="20210309 13:55:31.035" level="INFO">Releasing special key RETURN.</msg>
<status status="PASS" starttime="20210309 13:55:30.360" endtime="20210309 13:55:31.048"></status>
</kw>
<status status="PASS" starttime="20210309 13:55:30.359" endtime="20210309 13:55:31.048"></status>
</kw>
<kw name="End Web Test">
<kw name="Close All Browsers" library="SeleniumLibrary">
<doc>Closes all open browsers and resets the browser cache.</doc>
<status status="PASS" starttime="20210309 13:55:31.050" endtime="20210309 13:55:50.243"></status>
</kw>
<status status="PASS" starttime="20210309 13:55:31.049" endtime="20210309 13:55:50.244"></status>
</kw>
<kw name="End Web Test" type="teardown">
<kw name="Close All Browsers" library="SeleniumLibrary">
<doc>Closes all open browsers and resets the browser cache.</doc>
<status status="PASS" starttime="20210309 13:55:50.247" endtime="20210309 13:55:50.248"></status>
</kw>
<status status="PASS" starttime="20210309 13:55:50.245" endtime="20210309 13:55:50.248"></status>
</kw>
<doc>This test verifies end to end functionality of book a car</doc>
<tags>
<tag>a car</tag>
<tag>Booking</tag>
</tags>
<status status="PASS" starttime="20210309 13:55:14.744" endtime="20210309 13:55:50.249" critical="yes"></status>
</test>
<doc>This is some basic infor about the whole test suite</doc>
<status status="PASS" starttime="20210309 13:55:14.180" endtime="20210309 13:55:50.251"></status>
</suite>
<status status="PASS" starttime="20210309 13:55:14.107" endtime="20210309 13:55:50.259"></status>
</suite>
<statistics>
<total>
<stat pass="1" fail="0">Critical Tests</stat>
<stat pass="1" fail="0">All Tests</stat>
</total>
<tag>
<stat pass="1" fail="0">a car</stat>
<stat pass="1" fail="0">Booking</stat>
</tag>
<suite>
<stat pass="1" fail="0" id="s1" name="Tests">Tests</stat>
<stat pass="1" fail="0" id="s1-s1" name="Vgtest">Tests.Vgtest</stat>
</suite>
</statistics>
<errors>
</errors>
</robot>
